[17-Jan-2021 23:50:13 Asia/Kolkata] PHP Notice:  Undefined index: createdAt in /home/fireonli/domains/skfs.in/public_html/thadi/admin_thadi/category/api/add-api.php on line 9
[17-Jan-2021 23:50:13 Asia/Kolkata] PHP Warning:  Creating default object from empty value in /home/fireonli/domains/skfs.in/public_html/thadi/admin_thadi/category/api/add-api.php on line 13
[17-Jan-2021 23:50:13 Asia/Kolkata] PHP Warning:  Creating default object from empty value in /home/fireonli/domains/skfs.in/public_html/thadi/admin_thadi/category/api/add-api.php on line 15
[18-Jan-2021 00:04:48 Asia/Kolkata] PHP Notice:  Undefined index: categoryImage in /home/fireonli/domains/skfs.in/public_html/thadi/admin_thadi/category/api/add-api.php on line 6
[18-Jan-2021 00:04:48 Asia/Kolkata] PHP Notice:  Undefined index: singleItemPrice in /home/fireonli/domains/skfs.in/public_html/thadi/admin_thadi/category/api/add-api.php on line 7
[18-Jan-2021 00:04:48 Asia/Kolkata] PHP Notice:  Undefined index: createdAt in /home/fireonli/domains/skfs.in/public_html/thadi/admin_thadi/category/api/add-api.php on line 9
[18-Jan-2021 00:04:48 Asia/Kolkata] PHP Warning:  Creating default object from empty value in /home/fireonli/domains/skfs.in/public_html/thadi/admin_thadi/category/api/add-api.php on line 13
[18-Jan-2021 00:04:48 Asia/Kolkata] PHP Warning:  Creating default object from empty value in /home/fireonli/domains/skfs.in/public_html/thadi/admin_thadi/category/api/add-api.php on line 15
[18-Jan-2021 00:10:53 Asia/Kolkata] PHP Notice:  Undefined index: categoryImage in /home/fireonli/domains/skfs.in/public_html/thadi/admin_thadi/category/api/add-api.php on line 6
[18-Jan-2021 00:10:53 Asia/Kolkata] PHP Notice:  Undefined index: createdAt in /home/fireonli/domains/skfs.in/public_html/thadi/admin_thadi/category/api/add-api.php on line 9
[18-Jan-2021 00:10:53 Asia/Kolkata] PHP Warning:  Creating default object from empty value in /home/fireonli/domains/skfs.in/public_html/thadi/admin_thadi/category/api/add-api.php on line 13
[18-Jan-2021 00:10:53 Asia/Kolkata] PHP Warning:  Creating default object from empty value in /home/fireonli/domains/skfs.in/public_html/thadi/admin_thadi/category/api/add-api.php on line 15
[18-Jan-2021 00:12:26 Asia/Kolkata] PHP Notice:  Undefined index: categoryImage in /home/fireonli/domains/skfs.in/public_html/thadi/admin_thadi/category/api/add-api.php on line 6
[18-Jan-2021 00:12:26 Asia/Kolkata] PHP Notice:  Undefined index: createdAt in /home/fireonli/domains/skfs.in/public_html/thadi/admin_thadi/category/api/add-api.php on line 9
[18-Jan-2021 00:12:26 Asia/Kolkata] PHP Warning:  Creating default object from empty value in /home/fireonli/domains/skfs.in/public_html/thadi/admin_thadi/category/api/add-api.php on line 13
[18-Jan-2021 00:12:26 Asia/Kolkata] PHP Warning:  Creating default object from empty value in /home/fireonli/domains/skfs.in/public_html/thadi/admin_thadi/category/api/add-api.php on line 15
[18-Jan-2021 00:14:54 Asia/Kolkata] PHP Notice:  Undefined index: categoryImage in /home/fireonli/domains/skfs.in/public_html/thadi/admin_thadi/category/api/add-api.php on line 6
[18-Jan-2021 00:14:54 Asia/Kolkata] PHP Notice:  Undefined index: createdAt in /home/fireonli/domains/skfs.in/public_html/thadi/admin_thadi/category/api/add-api.php on line 9
[18-Jan-2021 00:14:54 Asia/Kolkata] PHP Warning:  Creating default object from empty value in /home/fireonli/domains/skfs.in/public_html/thadi/admin_thadi/category/api/add-api.php on line 13
[18-Jan-2021 00:14:54 Asia/Kolkata] PHP Warning:  Creating default object from empty value in /home/fireonli/domains/skfs.in/public_html/thadi/admin_thadi/category/api/add-api.php on line 15
[18-Jan-2021 00:23:00 Asia/Kolkata] PHP Notice:  Undefined index: createdAt in /home/fireonli/domains/skfs.in/public_html/thadi/admin_thadi/category/api/add-api.php on line 9
[18-Jan-2021 00:23:00 Asia/Kolkata] PHP Warning:  Creating default object from empty value in /home/fireonli/domains/skfs.in/public_html/thadi/admin_thadi/category/api/add-api.php on line 13
[18-Jan-2021 00:23:00 Asia/Kolkata] PHP Warning:  Creating default object from empty value in /home/fireonli/domains/skfs.in/public_html/thadi/admin_thadi/category/api/add-api.php on line 15
[18-Jan-2021 00:27:08 Asia/Kolkata] PHP Notice:  Undefined index: categoryImage in /home/fireonli/domains/skfs.in/public_html/thadi/admin_thadi/category/api/add-api.php on line 6
[18-Jan-2021 00:27:08 Asia/Kolkata] PHP Notice:  Undefined index: createdAt in /home/fireonli/domains/skfs.in/public_html/thadi/admin_thadi/category/api/add-api.php on line 9
[18-Jan-2021 00:27:08 Asia/Kolkata] PHP Warning:  Creating default object from empty value in /home/fireonli/domains/skfs.in/public_html/thadi/admin_thadi/category/api/add-api.php on line 13
[18-Jan-2021 00:27:08 Asia/Kolkata] PHP Warning:  Creating default object from empty value in /home/fireonli/domains/skfs.in/public_html/thadi/admin_thadi/category/api/add-api.php on line 15
[18-Jan-2021 00:57:19 Asia/Kolkata] PHP Notice:  Undefined index: categoryId in /home/fireonli/domains/skfs.in/public_html/thadi/admin_thadi/category/api/edit-api.php on line 5
[18-Jan-2021 00:57:19 Asia/Kolkata] PHP Notice:  Undefined index: categoryName in /home/fireonli/domains/skfs.in/public_html/thadi/admin_thadi/category/api/edit-api.php on line 6
[18-Jan-2021 00:57:19 Asia/Kolkata] PHP Notice:  Undefined index: categoryImage in /home/fireonli/domains/skfs.in/public_html/thadi/admin_thadi/category/api/edit-api.php on line 7
[18-Jan-2021 00:57:19 Asia/Kolkata] PHP Notice:  Undefined index: singleItemPrice in /home/fireonli/domains/skfs.in/public_html/thadi/admin_thadi/category/api/edit-api.php on line 8
[18-Jan-2021 00:57:19 Asia/Kolkata] PHP Notice:  Undefined index: description in /home/fireonli/domains/skfs.in/public_html/thadi/admin_thadi/category/api/edit-api.php on line 9
[18-Jan-2021 00:57:19 Asia/Kolkata] PHP Warning:  Creating default object from empty value in /home/fireonli/domains/skfs.in/public_html/thadi/admin_thadi/category/api/edit-api.php on line 14
[18-Jan-2021 00:57:19 Asia/Kolkata] PHP Notice:  Undefined variable: insert in /home/fireonli/domains/skfs.in/public_html/thadi/admin_thadi/category/api/edit-api.php on line 15
[18-Jan-2021 00:57:19 Asia/Kolkata] PHP Warning:  Creating default object from empty value in /home/fireonli/domains/skfs.in/public_html/thadi/admin_thadi/category/api/edit-api.php on line 20
[18-Jan-2021 01:00:20 Asia/Kolkata] PHP Notice:  Undefined index: categoryId in /home/fireonli/domains/skfs.in/public_html/thadi/admin_thadi/category/api/edit-api.php on line 5
[18-Jan-2021 01:00:20 Asia/Kolkata] PHP Notice:  Undefined index: categoryName in /home/fireonli/domains/skfs.in/public_html/thadi/admin_thadi/category/api/edit-api.php on line 6
[18-Jan-2021 01:00:20 Asia/Kolkata] PHP Notice:  Undefined index: categoryImage in /home/fireonli/domains/skfs.in/public_html/thadi/admin_thadi/category/api/edit-api.php on line 7
[18-Jan-2021 01:00:20 Asia/Kolkata] PHP Notice:  Undefined index: singleItemPrice in /home/fireonli/domains/skfs.in/public_html/thadi/admin_thadi/category/api/edit-api.php on line 8
[18-Jan-2021 01:00:20 Asia/Kolkata] PHP Notice:  Undefined index: description in /home/fireonli/domains/skfs.in/public_html/thadi/admin_thadi/category/api/edit-api.php on line 9
[18-Jan-2021 01:00:20 Asia/Kolkata] PHP Warning:  Creating default object from empty value in /home/fireonli/domains/skfs.in/public_html/thadi/admin_thadi/category/api/edit-api.php on line 14
[18-Jan-2021 01:00:20 Asia/Kolkata] PHP Notice:  Undefined variable: insert in /home/fireonli/domains/skfs.in/public_html/thadi/admin_thadi/category/api/edit-api.php on line 15
[18-Jan-2021 01:00:20 Asia/Kolkata] PHP Warning:  Creating default object from empty value in /home/fireonli/domains/skfs.in/public_html/thadi/admin_thadi/category/api/edit-api.php on line 20
[18-Jan-2021 01:00:29 Asia/Kolkata] PHP Warning:  Creating default object from empty value in /home/fireonli/domains/skfs.in/public_html/thadi/admin_thadi/category/api/edit-api.php on line 14
[18-Jan-2021 01:00:29 Asia/Kolkata] PHP Notice:  Undefined variable: insert in /home/fireonli/domains/skfs.in/public_html/thadi/admin_thadi/category/api/edit-api.php on line 15
[18-Jan-2021 01:00:29 Asia/Kolkata] PHP Warning:  Creating default object from empty value in /home/fireonli/domains/skfs.in/public_html/thadi/admin_thadi/category/api/edit-api.php on line 20
[18-Jan-2021 01:01:48 Asia/Kolkata] PHP Warning:  Creating default object from empty value in /home/fireonli/domains/skfs.in/public_html/thadi/admin_thadi/category/api/edit-api.php on line 14
[18-Jan-2021 01:01:48 Asia/Kolkata] PHP Notice:  Undefined variable: insert in /home/fireonli/domains/skfs.in/public_html/thadi/admin_thadi/category/api/edit-api.php on line 15
[18-Jan-2021 01:01:48 Asia/Kolkata] PHP Warning:  Creating default object from empty value in /home/fireonli/domains/skfs.in/public_html/thadi/admin_thadi/category/api/edit-api.php on line 20
[18-Jan-2021 16:38:39 Asia/Kolkata] PHP Notice:  Undefined index: categoryImage in /home/fireonli/domains/skfs.in/public_html/thadi/admin_thadi/category/api/add-api.php on line 6
[18-Jan-2021 16:38:39 Asia/Kolkata] PHP Notice:  Undefined index: createdAt in /home/fireonli/domains/skfs.in/public_html/thadi/admin_thadi/category/api/add-api.php on line 9
[18-Jan-2021 16:38:39 Asia/Kolkata] PHP Warning:  Creating default object from empty value in /home/fireonli/domains/skfs.in/public_html/thadi/admin_thadi/category/api/add-api.php on line 13
[18-Jan-2021 16:38:39 Asia/Kolkata] PHP Warning:  Creating default object from empty value in /home/fireonli/domains/skfs.in/public_html/thadi/admin_thadi/category/api/add-api.php on line 15
[18-Jan-2021 16:39:56 Asia/Kolkata] PHP Notice:  Undefined index: categoryId in /home/fireonli/domains/skfs.in/public_html/thadi/admin_thadi/category/api/edit-api.php on line 5
[18-Jan-2021 16:39:56 Asia/Kolkata] PHP Notice:  Undefined index: categoryImage in /home/fireonli/domains/skfs.in/public_html/thadi/admin_thadi/category/api/edit-api.php on line 7
[18-Jan-2021 16:39:56 Asia/Kolkata] PHP Warning:  Creating default object from empty value in /home/fireonli/domains/skfs.in/public_html/thadi/admin_thadi/category/api/edit-api.php on line 14
[18-Jan-2021 16:39:56 Asia/Kolkata] PHP Notice:  Undefined variable: insert in /home/fireonli/domains/skfs.in/public_html/thadi/admin_thadi/category/api/edit-api.php on line 15
[18-Jan-2021 16:39:56 Asia/Kolkata] PHP Warning:  Creating default object from empty value in /home/fireonli/domains/skfs.in/public_html/thadi/admin_thadi/category/api/edit-api.php on line 20
[18-Jan-2021 16:39:58 Asia/Kolkata] PHP Notice:  Undefined index: categoryId in /home/fireonli/domains/skfs.in/public_html/thadi/admin_thadi/category/api/edit-api.php on line 5
[18-Jan-2021 16:39:58 Asia/Kolkata] PHP Notice:  Undefined index: categoryImage in /home/fireonli/domains/skfs.in/public_html/thadi/admin_thadi/category/api/edit-api.php on line 7
[18-Jan-2021 16:39:58 Asia/Kolkata] PHP Warning:  Creating default object from empty value in /home/fireonli/domains/skfs.in/public_html/thadi/admin_thadi/category/api/edit-api.php on line 14
[18-Jan-2021 16:39:58 Asia/Kolkata] PHP Notice:  Undefined variable: insert in /home/fireonli/domains/skfs.in/public_html/thadi/admin_thadi/category/api/edit-api.php on line 15
[18-Jan-2021 16:39:58 Asia/Kolkata] PHP Warning:  Creating default object from empty value in /home/fireonli/domains/skfs.in/public_html/thadi/admin_thadi/category/api/edit-api.php on line 20
[18-Jan-2021 21:50:25 Asia/Kolkata] PHP Notice:  Undefined index: categoryImage in /home/fireonli/domains/skfs.in/public_html/thadi/admin_thadi/category/api/add-api.php on line 6
[18-Jan-2021 21:50:25 Asia/Kolkata] PHP Notice:  Undefined index: createdAt in /home/fireonli/domains/skfs.in/public_html/thadi/admin_thadi/category/api/add-api.php on line 9
[18-Jan-2021 21:50:25 Asia/Kolkata] PHP Warning:  Creating default object from empty value in /home/fireonli/domains/skfs.in/public_html/thadi/admin_thadi/category/api/add-api.php on line 13
[18-Jan-2021 21:50:25 Asia/Kolkata] PHP Warning:  Creating default object from empty value in /home/fireonli/domains/skfs.in/public_html/thadi/admin_thadi/category/api/add-api.php on line 19
[18-Jan-2021 21:55:07 Asia/Kolkata] PHP Notice:  Undefined index: categoryImage in /home/fireonli/domains/skfs.in/public_html/thadi/admin_thadi/category/api/add-api.php on line 6
[18-Jan-2021 21:55:07 Asia/Kolkata] PHP Warning:  Creating default object from empty value in /home/fireonli/domains/skfs.in/public_html/thadi/admin_thadi/category/api/add-api.php on line 12
[18-Jan-2021 21:55:07 Asia/Kolkata] PHP Warning:  Creating default object from empty value in /home/fireonli/domains/skfs.in/public_html/thadi/admin_thadi/category/api/add-api.php on line 14
[18-Jan-2021 22:09:38 Asia/Kolkata] PHP Notice:  Undefined index: categoryId in /home/fireonli/domains/skfs.in/public_html/thadi/admin_thadi/category/api/edit-api.php on line 5
[18-Jan-2021 22:09:38 Asia/Kolkata] PHP Notice:  Undefined index: categoryImage in /home/fireonli/domains/skfs.in/public_html/thadi/admin_thadi/category/api/edit-api.php on line 7
[18-Jan-2021 22:09:38 Asia/Kolkata] PHP Warning:  Creating default object from empty value in /home/fireonli/domains/skfs.in/public_html/thadi/admin_thadi/category/api/edit-api.php on line 14
[18-Jan-2021 22:09:38 Asia/Kolkata] PHP Notice:  Undefined variable: insert in /home/fireonli/domains/skfs.in/public_html/thadi/admin_thadi/category/api/edit-api.php on line 15
[18-Jan-2021 22:09:38 Asia/Kolkata] PHP Warning:  Creating default object from empty value in /home/fireonli/domains/skfs.in/public_html/thadi/admin_thadi/category/api/edit-api.php on line 20
[18-Jan-2021 22:11:03 Asia/Kolkata] PHP Warning:  Creating default object from empty value in /home/fireonli/domains/skfs.in/public_html/thadi/admin_thadi/category/api/edit-api.php on line 14
[18-Jan-2021 22:11:03 Asia/Kolkata] PHP Notice:  Undefined variable: insert in /home/fireonli/domains/skfs.in/public_html/thadi/admin_thadi/category/api/edit-api.php on line 15
[18-Jan-2021 22:11:03 Asia/Kolkata] PHP Warning:  Creating default object from empty value in /home/fireonli/domains/skfs.in/public_html/thadi/admin_thadi/category/api/edit-api.php on line 20
[18-Jan-2021 22:13:50 Asia/Kolkata] PHP Notice:  Undefined index: categoryImage in /home/fireonli/domains/skfs.in/public_html/thadi/admin_thadi/category/api/add-api.php on line 6
[18-Jan-2021 22:13:50 Asia/Kolkata] PHP Warning:  Creating default object from empty value in /home/fireonli/domains/skfs.in/public_html/thadi/admin_thadi/category/api/add-api.php on line 12
[18-Jan-2021 22:13:50 Asia/Kolkata] PHP Warning:  Creating default object from empty value in /home/fireonli/domains/skfs.in/public_html/thadi/admin_thadi/category/api/add-api.php on line 14
[18-Jan-2021 22:20:18 Asia/Kolkata] PHP Notice:  Undefined index: image in /home/fireonli/domains/skfs.in/public_html/thadi/admin_thadi/category/api/add-api.php on line 9
[18-Jan-2021 22:20:18 Asia/Kolkata] PHP Notice:  Undefined index: image in /home/fireonli/domains/skfs.in/public_html/thadi/admin_thadi/category/api/add-api.php on line 10
[18-Jan-2021 22:20:18 Asia/Kolkata] PHP Warning:  Creating default object from empty value in /home/fireonli/domains/skfs.in/public_html/thadi/admin_thadi/category/api/add-api.php on line 30
[18-Jan-2021 22:20:18 Asia/Kolkata] PHP Warning:  Creating default object from empty value in /home/fireonli/domains/skfs.in/public_html/thadi/admin_thadi/category/api/add-api.php on line 32
[18-Jan-2021 22:23:05 Asia/Kolkata] PHP Notice:  Undefined index: image in /home/fireonli/domains/skfs.in/public_html/thadi/admin_thadi/category/api/add-api.php on line 9
[18-Jan-2021 22:23:05 Asia/Kolkata] PHP Notice:  Undefined index: image in /home/fireonli/domains/skfs.in/public_html/thadi/admin_thadi/category/api/add-api.php on line 10
[18-Jan-2021 22:23:05 Asia/Kolkata] PHP Warning:  Creating default object from empty value in /home/fireonli/domains/skfs.in/public_html/thadi/admin_thadi/category/api/add-api.php on line 30
[18-Jan-2021 22:23:05 Asia/Kolkata] PHP Warning:  Creating default object from empty value in /home/fireonli/domains/skfs.in/public_html/thadi/admin_thadi/category/api/add-api.php on line 32
[18-Jan-2021 22:25:55 Asia/Kolkata] PHP Notice:  Undefined index: image in /home/fireonli/domains/skfs.in/public_html/thadi/admin_thadi/category/api/add-api.php on line 9
[18-Jan-2021 22:25:55 Asia/Kolkata] PHP Notice:  Undefined index: image in /home/fireonli/domains/skfs.in/public_html/thadi/admin_thadi/category/api/add-api.php on line 10
[18-Jan-2021 22:25:55 Asia/Kolkata] PHP Warning:  Creating default object from empty value in /home/fireonli/domains/skfs.in/public_html/thadi/admin_thadi/category/api/add-api.php on line 30
[18-Jan-2021 22:25:55 Asia/Kolkata] PHP Warning:  Creating default object from empty value in /home/fireonli/domains/skfs.in/public_html/thadi/admin_thadi/category/api/add-api.php on line 32
[18-Jan-2021 22:29:24 Asia/Kolkata] PHP Notice:  Undefined index: image in /home/fireonli/domains/skfs.in/public_html/thadi/admin_thadi/category/api/add-api.php on line 9
[18-Jan-2021 22:29:24 Asia/Kolkata] PHP Notice:  Undefined index: image in /home/fireonli/domains/skfs.in/public_html/thadi/admin_thadi/category/api/add-api.php on line 10
[18-Jan-2021 22:29:24 Asia/Kolkata] PHP Warning:  Creating default object from empty value in /home/fireonli/domains/skfs.in/public_html/thadi/admin_thadi/category/api/add-api.php on line 30
[18-Jan-2021 22:29:24 Asia/Kolkata] PHP Warning:  Creating default object from empty value in /home/fireonli/domains/skfs.in/public_html/thadi/admin_thadi/category/api/add-api.php on line 32
[18-Jan-2021 22:33:43 Asia/Kolkata] PHP Notice:  Undefined index: image in /home/fireonli/domains/skfs.in/public_html/thadi/admin_thadi/category/api/add-api.php on line 9
[18-Jan-2021 22:33:43 Asia/Kolkata] PHP Notice:  Undefined index: image in /home/fireonli/domains/skfs.in/public_html/thadi/admin_thadi/category/api/add-api.php on line 10
[18-Jan-2021 22:33:43 Asia/Kolkata] PHP Warning:  Creating default object from empty value in /home/fireonli/domains/skfs.in/public_html/thadi/admin_thadi/category/api/add-api.php on line 30
[18-Jan-2021 22:33:43 Asia/Kolkata] PHP Warning:  Creating default object from empty value in /home/fireonli/domains/skfs.in/public_html/thadi/admin_thadi/category/api/add-api.php on line 32
[18-Jan-2021 22:35:45 Asia/Kolkata] PHP Notice:  Undefined index: image in /home/fireonli/domains/skfs.in/public_html/thadi/admin_thadi/category/api/add-api.php on line 9
[18-Jan-2021 22:35:45 Asia/Kolkata] PHP Notice:  Undefined index: image in /home/fireonli/domains/skfs.in/public_html/thadi/admin_thadi/category/api/add-api.php on line 10
[18-Jan-2021 22:35:45 Asia/Kolkata] PHP Warning:  Creating default object from empty value in /home/fireonli/domains/skfs.in/public_html/thadi/admin_thadi/category/api/add-api.php on line 30
[18-Jan-2021 22:35:45 Asia/Kolkata] PHP Warning:  Creating default object from empty value in /home/fireonli/domains/skfs.in/public_html/thadi/admin_thadi/category/api/add-api.php on line 32
[18-Jan-2021 22:43:28 Asia/Kolkata] PHP Notice:  Undefined index: productImage in /home/fireonli/domains/skfs.in/public_html/thadi/admin_thadi/category/api/add-api.php on line 9
[18-Jan-2021 22:43:28 Asia/Kolkata] PHP Notice:  Undefined index: productImage in /home/fireonli/domains/skfs.in/public_html/thadi/admin_thadi/category/api/add-api.php on line 10
[18-Jan-2021 22:43:28 Asia/Kolkata] PHP Warning:  Creating default object from empty value in /home/fireonli/domains/skfs.in/public_html/thadi/admin_thadi/category/api/add-api.php on line 30
[18-Jan-2021 22:43:28 Asia/Kolkata] PHP Warning:  Creating default object from empty value in /home/fireonli/domains/skfs.in/public_html/thadi/admin_thadi/category/api/add-api.php on line 32
[18-Jan-2021 22:49:54 Asia/Kolkata] PHP Warning:  Creating default object from empty value in /home/fireonli/domains/skfs.in/public_html/thadi/admin_thadi/category/api/add-api.php on line 30
[18-Jan-2021 22:49:54 Asia/Kolkata] PHP Warning:  Creating default object from empty value in /home/fireonli/domains/skfs.in/public_html/thadi/admin_thadi/category/api/add-api.php on line 32
[18-Jan-2021 22:55:04 Asia/Kolkata] PHP Notice:  Undefined index: categoryId in /home/fireonli/domains/skfs.in/public_html/thadi/admin_thadi/category/api/edit-api.php on line 5
[18-Jan-2021 22:55:04 Asia/Kolkata] PHP Notice:  Undefined index: productImage in /home/fireonli/domains/skfs.in/public_html/thadi/admin_thadi/category/api/edit-api.php on line 11
[18-Jan-2021 22:55:04 Asia/Kolkata] PHP Notice:  Undefined index: productImage in /home/fireonli/domains/skfs.in/public_html/thadi/admin_thadi/category/api/edit-api.php on line 12
[18-Jan-2021 22:55:04 Asia/Kolkata] PHP Notice:  Undefined index: categoryImage in /home/fireonli/domains/skfs.in/public_html/thadi/admin_thadi/category/api/edit-api.php on line 27
[18-Jan-2021 22:55:04 Asia/Kolkata] PHP Warning:  Creating default object from empty value in /home/fireonli/domains/skfs.in/public_html/thadi/admin_thadi/category/api/edit-api.php on line 33
[18-Jan-2021 22:55:04 Asia/Kolkata] PHP Notice:  Undefined variable: insert in /home/fireonli/domains/skfs.in/public_html/thadi/admin_thadi/category/api/edit-api.php on line 34
[18-Jan-2021 22:55:04 Asia/Kolkata] PHP Warning:  Creating default object from empty value in /home/fireonli/domains/skfs.in/public_html/thadi/admin_thadi/category/api/edit-api.php on line 39
[18-Jan-2021 23:04:52 Asia/Kolkata] PHP Notice:  Undefined index: categoryId in /home/fireonli/domains/skfs.in/public_html/thadi/admin_thadi/category/api/edit-api.php on line 5
[18-Jan-2021 23:04:52 Asia/Kolkata] PHP Notice:  Undefined index: categoryImage in /home/fireonli/domains/skfs.in/public_html/thadi/admin_thadi/category/api/edit-api.php on line 27
[18-Jan-2021 23:04:52 Asia/Kolkata] PHP Warning:  Creating default object from empty value in /home/fireonli/domains/skfs.in/public_html/thadi/admin_thadi/category/api/edit-api.php on line 33
[18-Jan-2021 23:04:52 Asia/Kolkata] PHP Notice:  Undefined variable: insert in /home/fireonli/domains/skfs.in/public_html/thadi/admin_thadi/category/api/edit-api.php on line 34
[18-Jan-2021 23:04:52 Asia/Kolkata] PHP Warning:  Creating default object from empty value in /home/fireonli/domains/skfs.in/public_html/thadi/admin_thadi/category/api/edit-api.php on line 39
[18-Jan-2021 23:05:35 Asia/Kolkata] PHP Notice:  Undefined index: categoryId in /home/fireonli/domains/skfs.in/public_html/thadi/admin_thadi/category/api/edit-api.php on line 5
[18-Jan-2021 23:05:35 Asia/Kolkata] PHP Notice:  Undefined index: categoryImage in /home/fireonli/domains/skfs.in/public_html/thadi/admin_thadi/category/api/edit-api.php on line 27
[18-Jan-2021 23:05:35 Asia/Kolkata] PHP Warning:  Creating default object from empty value in /home/fireonli/domains/skfs.in/public_html/thadi/admin_thadi/category/api/edit-api.php on line 33
[18-Jan-2021 23:05:35 Asia/Kolkata] PHP Warning:  Creating default object from empty value in /home/fireonli/domains/skfs.in/public_html/thadi/admin_thadi/category/api/edit-api.php on line 35
[18-Jan-2021 23:06:19 Asia/Kolkata] PHP Notice:  Undefined index: categoryId in /home/fireonli/domains/skfs.in/public_html/thadi/admin_thadi/category/api/edit-api.php on line 5
[18-Jan-2021 23:06:19 Asia/Kolkata] PHP Notice:  Undefined index: categoryImage in /home/fireonli/domains/skfs.in/public_html/thadi/admin_thadi/category/api/edit-api.php on line 27
[18-Jan-2021 23:06:19 Asia/Kolkata] PHP Warning:  Creating default object from empty value in /home/fireonli/domains/skfs.in/public_html/thadi/admin_thadi/category/api/edit-api.php on line 33
[18-Jan-2021 23:06:19 Asia/Kolkata] PHP Warning:  Creating default object from empty value in /home/fireonli/domains/skfs.in/public_html/thadi/admin_thadi/category/api/edit-api.php on line 35
[18-Jan-2021 23:13:29 Asia/Kolkata] PHP Warning:  Creating default object from empty value in /home/fireonli/domains/skfs.in/public_html/thadi/admin_thadi/category/api/delete-api.php on line 11
[18-Jan-2021 23:13:34 Asia/Kolkata] PHP Warning:  Creating default object from empty value in /home/fireonli/domains/skfs.in/public_html/thadi/admin_thadi/category/api/delete-api.php on line 11
[18-Jan-2021 23:13:44 Asia/Kolkata] PHP Warning:  Creating default object from empty value in /home/fireonli/domains/skfs.in/public_html/thadi/admin_thadi/category/api/delete-api.php on line 11
[18-Jan-2021 23:24:06 Asia/Kolkata] PHP Notice:  Undefined index: categoryId in /home/fireonli/domains/skfs.in/public_html/thadi/admin_thadi/category/api/edit-api.php on line 5
[18-Jan-2021 23:24:06 Asia/Kolkata] PHP Warning:  Creating default object from empty value in /home/fireonli/domains/skfs.in/public_html/thadi/admin_thadi/category/api/edit-api.php on line 33
[18-Jan-2021 23:24:06 Asia/Kolkata] PHP Warning:  Creating default object from empty value in /home/fireonli/domains/skfs.in/public_html/thadi/admin_thadi/category/api/edit-api.php on line 35
[18-Jan-2021 23:24:11 Asia/Kolkata] PHP Notice:  Undefined index: categoryId in /home/fireonli/domains/skfs.in/public_html/thadi/admin_thadi/category/api/edit-api.php on line 5
[18-Jan-2021 23:24:11 Asia/Kolkata] PHP Warning:  Creating default object from empty value in /home/fireonli/domains/skfs.in/public_html/thadi/admin_thadi/category/api/edit-api.php on line 33
[18-Jan-2021 23:24:11 Asia/Kolkata] PHP Warning:  Creating default object from empty value in /home/fireonli/domains/skfs.in/public_html/thadi/admin_thadi/category/api/edit-api.php on line 35
[18-Jan-2021 23:24:15 Asia/Kolkata] PHP Notice:  Undefined index: categoryId in /home/fireonli/domains/skfs.in/public_html/thadi/admin_thadi/category/api/edit-api.php on line 5
[18-Jan-2021 23:24:15 Asia/Kolkata] PHP Warning:  Creating default object from empty value in /home/fireonli/domains/skfs.in/public_html/thadi/admin_thadi/category/api/edit-api.php on line 33
[18-Jan-2021 23:24:15 Asia/Kolkata] PHP Warning:  Creating default object from empty value in /home/fireonli/domains/skfs.in/public_html/thadi/admin_thadi/category/api/edit-api.php on line 35
[18-Jan-2021 23:25:59 Asia/Kolkata] PHP Notice:  Undefined index: categoryId in /home/fireonli/domains/skfs.in/public_html/thadi/admin_thadi/category/api/edit-api.php on line 5
[18-Jan-2021 23:25:59 Asia/Kolkata] PHP Warning:  Creating default object from empty value in /home/fireonli/domains/skfs.in/public_html/thadi/admin_thadi/category/api/edit-api.php on line 33
[18-Jan-2021 23:25:59 Asia/Kolkata] PHP Warning:  Creating default object from empty value in /home/fireonli/domains/skfs.in/public_html/thadi/admin_thadi/category/api/edit-api.php on line 35
[18-Jan-2021 23:26:03 Asia/Kolkata] PHP Notice:  Undefined index: categoryId in /home/fireonli/domains/skfs.in/public_html/thadi/admin_thadi/category/api/edit-api.php on line 5
[18-Jan-2021 23:26:03 Asia/Kolkata] PHP Warning:  Creating default object from empty value in /home/fireonli/domains/skfs.in/public_html/thadi/admin_thadi/category/api/edit-api.php on line 33
[18-Jan-2021 23:26:03 Asia/Kolkata] PHP Warning:  Creating default object from empty value in /home/fireonli/domains/skfs.in/public_html/thadi/admin_thadi/category/api/edit-api.php on line 35
[18-Jan-2021 23:26:05 Asia/Kolkata] PHP Notice:  Undefined index: categoryId in /home/fireonli/domains/skfs.in/public_html/thadi/admin_thadi/category/api/edit-api.php on line 5
[18-Jan-2021 23:26:05 Asia/Kolkata] PHP Warning:  Creating default object from empty value in /home/fireonli/domains/skfs.in/public_html/thadi/admin_thadi/category/api/edit-api.php on line 33
[18-Jan-2021 23:26:05 Asia/Kolkata] PHP Warning:  Creating default object from empty value in /home/fireonli/domains/skfs.in/public_html/thadi/admin_thadi/category/api/edit-api.php on line 35
[18-Jan-2021 23:26:09 Asia/Kolkata] PHP Notice:  Undefined index: categoryId in /home/fireonli/domains/skfs.in/public_html/thadi/admin_thadi/category/api/edit-api.php on line 5
[18-Jan-2021 23:26:09 Asia/Kolkata] PHP Warning:  Creating default object from empty value in /home/fireonli/domains/skfs.in/public_html/thadi/admin_thadi/category/api/edit-api.php on line 33
[18-Jan-2021 23:26:09 Asia/Kolkata] PHP Warning:  Creating default object from empty value in /home/fireonli/domains/skfs.in/public_html/thadi/admin_thadi/category/api/edit-api.php on line 35
[18-Jan-2021 23:28:37 Asia/Kolkata] PHP Warning:  Creating default object from empty value in /home/fireonli/domains/skfs.in/public_html/thadi/admin_thadi/category/api/edit-api.php on line 39
[18-Jan-2021 23:28:37 Asia/Kolkata] PHP Warning:  Creating default object from empty value in /home/fireonli/domains/skfs.in/public_html/thadi/admin_thadi/category/api/edit-api.php on line 41
[18-Jan-2021 23:28:41 Asia/Kolkata] PHP Warning:  Creating default object from empty value in /home/fireonli/domains/skfs.in/public_html/thadi/admin_thadi/category/api/edit-api.php on line 39
[18-Jan-2021 23:28:41 Asia/Kolkata] PHP Warning:  Creating default object from empty value in /home/fireonli/domains/skfs.in/public_html/thadi/admin_thadi/category/api/edit-api.php on line 41
[18-Jan-2021 23:30:35 Asia/Kolkata] PHP Warning:  Creating default object from empty value in /home/fireonli/domains/skfs.in/public_html/thadi/admin_thadi/category/api/edit-api.php on line 39
[18-Jan-2021 23:30:35 Asia/Kolkata] PHP Warning:  Creating default object from empty value in /home/fireonli/domains/skfs.in/public_html/thadi/admin_thadi/category/api/edit-api.php on line 41
[18-Jan-2021 23:31:11 Asia/Kolkata] PHP Warning:  Creating default object from empty value in /home/fireonli/domains/skfs.in/public_html/thadi/admin_thadi/category/api/edit-api.php on line 39
[18-Jan-2021 23:31:11 Asia/Kolkata] PHP Warning:  Creating default object from empty value in /home/fireonli/domains/skfs.in/public_html/thadi/admin_thadi/category/api/edit-api.php on line 41
[18-Jan-2021 23:34:42 Asia/Kolkata] PHP Warning:  Creating default object from empty value in /home/fireonli/domains/skfs.in/public_html/thadi/admin_thadi/category/api/edit-api.php on line 39
[18-Jan-2021 23:34:42 Asia/Kolkata] PHP Warning:  Creating default object from empty value in /home/fireonli/domains/skfs.in/public_html/thadi/admin_thadi/category/api/edit-api.php on line 41
[18-Jan-2021 23:34:51 Asia/Kolkata] PHP Warning:  Creating default object from empty value in /home/fireonli/domains/skfs.in/public_html/thadi/admin_thadi/category/api/edit-api.php on line 39
[18-Jan-2021 23:34:51 Asia/Kolkata] PHP Warning:  Creating default object from empty value in /home/fireonli/domains/skfs.in/public_html/thadi/admin_thadi/category/api/edit-api.php on line 41
[18-Jan-2021 23:35:16 Asia/Kolkata] PHP Warning:  Creating default object from empty value in /home/fireonli/domains/skfs.in/public_html/thadi/admin_thadi/category/api/edit-api.php on line 39
[18-Jan-2021 23:35:16 Asia/Kolkata] PHP Warning:  Creating default object from empty value in /home/fireonli/domains/skfs.in/public_html/thadi/admin_thadi/category/api/edit-api.php on line 41
[18-Jan-2021 23:35:22 Asia/Kolkata] PHP Warning:  Creating default object from empty value in /home/fireonli/domains/skfs.in/public_html/thadi/admin_thadi/category/api/edit-api.php on line 39
[18-Jan-2021 23:35:22 Asia/Kolkata] PHP Warning:  Creating default object from empty value in /home/fireonli/domains/skfs.in/public_html/thadi/admin_thadi/category/api/edit-api.php on line 41
[18-Jan-2021 23:35:34 Asia/Kolkata] PHP Warning:  Creating default object from empty value in /home/fireonli/domains/skfs.in/public_html/thadi/admin_thadi/category/api/add-api.php on line 30
[18-Jan-2021 23:35:34 Asia/Kolkata] PHP Warning:  Creating default object from empty value in /home/fireonli/domains/skfs.in/public_html/thadi/admin_thadi/category/api/add-api.php on line 32
[18-Jan-2021 23:37:37 Asia/Kolkata] PHP Warning:  Creating default object from empty value in /home/fireonli/domains/skfs.in/public_html/thadi/admin_thadi/category/api/edit-api.php on line 39
[18-Jan-2021 23:37:37 Asia/Kolkata] PHP Warning:  Creating default object from empty value in /home/fireonli/domains/skfs.in/public_html/thadi/admin_thadi/category/api/edit-api.php on line 41
[18-Jan-2021 23:37:39 Asia/Kolkata] PHP Warning:  Creating default object from empty value in /home/fireonli/domains/skfs.in/public_html/thadi/admin_thadi/category/api/delete-api.php on line 11
[18-Jan-2021 23:37:43 Asia/Kolkata] PHP Warning:  Creating default object from empty value in /home/fireonli/domains/skfs.in/public_html/thadi/admin_thadi/category/api/delete-api.php on line 11
[18-Jan-2021 23:37:48 Asia/Kolkata] PHP Warning:  Creating default object from empty value in /home/fireonli/domains/skfs.in/public_html/thadi/admin_thadi/category/api/delete-api.php on line 11
[18-Jan-2021 23:38:33 Asia/Kolkata] PHP Warning:  Creating default object from empty value in /home/fireonli/domains/skfs.in/public_html/thadi/admin_thadi/category/api/edit-api.php on line 39
[18-Jan-2021 23:38:33 Asia/Kolkata] PHP Warning:  Creating default object from empty value in /home/fireonli/domains/skfs.in/public_html/thadi/admin_thadi/category/api/edit-api.php on line 41
[18-Jan-2021 23:38:34 Asia/Kolkata] PHP Warning:  Creating default object from empty value in /home/fireonli/domains/skfs.in/public_html/thadi/admin_thadi/category/api/delete-api.php on line 11
[18-Jan-2021 23:38:40 Asia/Kolkata] PHP Warning:  Creating default object from empty value in /home/fireonli/domains/skfs.in/public_html/thadi/admin_thadi/category/api/delete-api.php on line 11
[18-Jan-2021 23:38:44 Asia/Kolkata] PHP Warning:  Creating default object from empty value in /home/fireonli/domains/skfs.in/public_html/thadi/admin_thadi/category/api/delete-api.php on line 11
[18-Jan-2021 23:39:29 Asia/Kolkata] PHP Warning:  Creating default object from empty value in /home/fireonli/domains/skfs.in/public_html/thadi/admin_thadi/category/api/edit-api.php on line 39
[18-Jan-2021 23:39:29 Asia/Kolkata] PHP Warning:  Creating default object from empty value in /home/fireonli/domains/skfs.in/public_html/thadi/admin_thadi/category/api/edit-api.php on line 41
[18-Jan-2021 23:39:41 Asia/Kolkata] PHP Warning:  Creating default object from empty value in /home/fireonli/domains/skfs.in/public_html/thadi/admin_thadi/category/api/edit-api.php on line 39
[18-Jan-2021 23:39:41 Asia/Kolkata] PHP Warning:  Creating default object from empty value in /home/fireonli/domains/skfs.in/public_html/thadi/admin_thadi/category/api/edit-api.php on line 41
[18-Jan-2021 23:39:46 Asia/Kolkata] PHP Warning:  Creating default object from empty value in /home/fireonli/domains/skfs.in/public_html/thadi/admin_thadi/category/api/edit-api.php on line 39
[18-Jan-2021 23:39:46 Asia/Kolkata] PHP Warning:  Creating default object from empty value in /home/fireonli/domains/skfs.in/public_html/thadi/admin_thadi/category/api/edit-api.php on line 41
[18-Jan-2021 23:39:50 Asia/Kolkata] PHP Warning:  Creating default object from empty value in /home/fireonli/domains/skfs.in/public_html/thadi/admin_thadi/category/api/edit-api.php on line 39
[18-Jan-2021 23:39:50 Asia/Kolkata] PHP Warning:  Creating default object from empty value in /home/fireonli/domains/skfs.in/public_html/thadi/admin_thadi/category/api/edit-api.php on line 41
[18-Jan-2021 23:40:01 Asia/Kolkata] PHP Warning:  Creating default object from empty value in /home/fireonli/domains/skfs.in/public_html/thadi/admin_thadi/category/api/edit-api.php on line 39
[18-Jan-2021 23:40:01 Asia/Kolkata] PHP Warning:  Creating default object from empty value in /home/fireonli/domains/skfs.in/public_html/thadi/admin_thadi/category/api/edit-api.php on line 41
[18-Jan-2021 23:40:01 Asia/Kolkata] PHP Warning:  Creating default object from empty value in /home/fireonli/domains/skfs.in/public_html/thadi/admin_thadi/category/api/edit-api.php on line 39
[18-Jan-2021 23:40:01 Asia/Kolkata] PHP Warning:  Creating default object from empty value in /home/fireonli/domains/skfs.in/public_html/thadi/admin_thadi/category/api/edit-api.php on line 41
[29-Mar-2021 15:42:07 Asia/Kolkata] PHP Notice:  Undefined index: adress in /home/delhigol/domains/delhigoldenlottery.com/public_html/grl/thadi/admin_thadi/category/api/add-api.php on line 26
[29-Mar-2021 15:42:07 Asia/Kolkata] PHP Warning:  Creating default object from empty value in /home/delhigol/domains/delhigoldenlottery.com/public_html/grl/thadi/admin_thadi/category/api/add-api.php on line 33
[29-Mar-2021 15:42:07 Asia/Kolkata] PHP Warning:  Creating default object from empty value in /home/delhigol/domains/delhigoldenlottery.com/public_html/grl/thadi/admin_thadi/category/api/add-api.php on line 39
[29-Mar-2021 15:42:41 Asia/Kolkata] PHP Notice:  Undefined index: adress in /home/delhigol/domains/delhigoldenlottery.com/public_html/grl/thadi/admin_thadi/category/api/add-api.php on line 26
[29-Mar-2021 15:42:41 Asia/Kolkata] PHP Warning:  Creating default object from empty value in /home/delhigol/domains/delhigoldenlottery.com/public_html/grl/thadi/admin_thadi/category/api/add-api.php on line 33
[29-Mar-2021 15:42:41 Asia/Kolkata] PHP Warning:  Creating default object from empty value in /home/delhigol/domains/delhigoldenlottery.com/public_html/grl/thadi/admin_thadi/category/api/add-api.php on line 39
[29-Mar-2021 15:42:57 Asia/Kolkata] PHP Notice:  Undefined index: adress in /home/delhigol/domains/delhigoldenlottery.com/public_html/grl/thadi/admin_thadi/category/api/add-api.php on line 26
[29-Mar-2021 15:42:57 Asia/Kolkata] PHP Warning:  Creating default object from empty value in /home/delhigol/domains/delhigoldenlottery.com/public_html/grl/thadi/admin_thadi/category/api/add-api.php on line 33
[29-Mar-2021 15:42:57 Asia/Kolkata] PHP Warning:  Creating default object from empty value in /home/delhigol/domains/delhigoldenlottery.com/public_html/grl/thadi/admin_thadi/category/api/add-api.php on line 39
[29-Mar-2021 15:43:28 Asia/Kolkata] PHP Notice:  Undefined index: adress in /home/delhigol/domains/delhigoldenlottery.com/public_html/grl/thadi/admin_thadi/category/api/add-api.php on line 26
[29-Mar-2021 15:43:28 Asia/Kolkata] PHP Warning:  Creating default object from empty value in /home/delhigol/domains/delhigoldenlottery.com/public_html/grl/thadi/admin_thadi/category/api/add-api.php on line 33
[29-Mar-2021 15:43:28 Asia/Kolkata] PHP Warning:  Creating default object from empty value in /home/delhigol/domains/delhigoldenlottery.com/public_html/grl/thadi/admin_thadi/category/api/add-api.php on line 39
[29-Mar-2021 15:43:40 Asia/Kolkata] PHP Notice:  Undefined index: adress in /home/delhigol/domains/delhigoldenlottery.com/public_html/grl/thadi/admin_thadi/category/api/add-api.php on line 26
[29-Mar-2021 15:43:40 Asia/Kolkata] PHP Warning:  Creating default object from empty value in /home/delhigol/domains/delhigoldenlottery.com/public_html/grl/thadi/admin_thadi/category/api/add-api.php on line 33
[29-Mar-2021 15:43:40 Asia/Kolkata] PHP Warning:  Creating default object from empty value in /home/delhigol/domains/delhigoldenlottery.com/public_html/grl/thadi/admin_thadi/category/api/add-api.php on line 39
[29-Mar-2021 15:44:02 Asia/Kolkata] PHP Notice:  Undefined index: adress in /home/delhigol/domains/delhigoldenlottery.com/public_html/grl/thadi/admin_thadi/category/api/add-api.php on line 26
[29-Mar-2021 15:44:02 Asia/Kolkata] PHP Warning:  Creating default object from empty value in /home/delhigol/domains/delhigoldenlottery.com/public_html/grl/thadi/admin_thadi/category/api/add-api.php on line 33
[29-Mar-2021 15:44:02 Asia/Kolkata] PHP Warning:  Creating default object from empty value in /home/delhigol/domains/delhigoldenlottery.com/public_html/grl/thadi/admin_thadi/category/api/add-api.php on line 35
[29-Mar-2021 15:46:05 Asia/Kolkata] PHP Notice:  Undefined index: adress in /home/delhigol/domains/delhigoldenlottery.com/public_html/grl/thadi/admin_thadi/category/api/add-api.php on line 26
[29-Mar-2021 15:46:05 Asia/Kolkata] PHP Warning:  Creating default object from empty value in /home/delhigol/domains/delhigoldenlottery.com/public_html/grl/thadi/admin_thadi/category/api/add-api.php on line 33
[29-Mar-2021 15:46:05 Asia/Kolkata] PHP Warning:  Creating default object from empty value in /home/delhigol/domains/delhigoldenlottery.com/public_html/grl/thadi/admin_thadi/category/api/add-api.php on line 35
[29-Mar-2021 16:24:47 Asia/Kolkata] PHP Warning:  Creating default object from empty value in /home/delhigol/domains/delhigoldenlottery.com/public_html/grl/thadi/admin_thadi/category/api/add-api.php on line 33
[29-Mar-2021 16:24:47 Asia/Kolkata] PHP Warning:  Creating default object from empty value in /home/delhigol/domains/delhigoldenlottery.com/public_html/grl/thadi/admin_thadi/category/api/add-api.php on line 35
[29-Mar-2021 16:37:56 Asia/Kolkata] PHP Warning:  Creating default object from empty value in /home/delhigol/domains/delhigoldenlottery.com/public_html/grl/thadi/admin_thadi/category/api/add-api.php on line 33
[29-Mar-2021 16:37:56 Asia/Kolkata] PHP Warning:  Creating default object from empty value in /home/delhigol/domains/delhigoldenlottery.com/public_html/grl/thadi/admin_thadi/category/api/add-api.php on line 35
[29-Mar-2021 16:57:26 Asia/Kolkata] PHP Notice:  Undefined variable: name in /home/delhigol/domains/delhigoldenlottery.com/public_html/grl/thadi/admin_thadi/category/api/edit-api.php on line 39
[29-Mar-2021 16:57:26 Asia/Kolkata] PHP Warning:  Creating default object from empty value in /home/delhigol/domains/delhigoldenlottery.com/public_html/grl/thadi/admin_thadi/category/api/edit-api.php on line 41
[29-Mar-2021 16:57:26 Asia/Kolkata] PHP Warning:  Creating default object from empty value in /home/delhigol/domains/delhigoldenlottery.com/public_html/grl/thadi/admin_thadi/category/api/edit-api.php on line 43
[29-Mar-2021 16:57:34 Asia/Kolkata] PHP Notice:  Undefined variable: name in /home/delhigol/domains/delhigoldenlottery.com/public_html/grl/thadi/admin_thadi/category/api/edit-api.php on line 39
[29-Mar-2021 16:57:34 Asia/Kolkata] PHP Warning:  Creating default object from empty value in /home/delhigol/domains/delhigoldenlottery.com/public_html/grl/thadi/admin_thadi/category/api/edit-api.php on line 41
[29-Mar-2021 16:57:34 Asia/Kolkata] PHP Warning:  Creating default object from empty value in /home/delhigol/domains/delhigoldenlottery.com/public_html/grl/thadi/admin_thadi/category/api/edit-api.php on line 43
[29-Mar-2021 16:58:14 Asia/Kolkata] PHP Warning:  Creating default object from empty value in /home/delhigol/domains/delhigoldenlottery.com/public_html/grl/thadi/admin_thadi/category/api/edit-api.php on line 42
[29-Mar-2021 16:58:14 Asia/Kolkata] PHP Warning:  Creating default object from empty value in /home/delhigol/domains/delhigoldenlottery.com/public_html/grl/thadi/admin_thadi/category/api/edit-api.php on line 44
[29-Mar-2021 16:58:26 Asia/Kolkata] PHP Warning:  Creating default object from empty value in /home/delhigol/domains/delhigoldenlottery.com/public_html/grl/thadi/admin_thadi/category/api/edit-api.php on line 42
[29-Mar-2021 16:58:26 Asia/Kolkata] PHP Warning:  Creating default object from empty value in /home/delhigol/domains/delhigoldenlottery.com/public_html/grl/thadi/admin_thadi/category/api/edit-api.php on line 44
[29-Mar-2021 16:58:31 Asia/Kolkata] PHP Warning:  Creating default object from empty value in /home/delhigol/domains/delhigoldenlottery.com/public_html/grl/thadi/admin_thadi/category/api/edit-api.php on line 42
[29-Mar-2021 16:58:31 Asia/Kolkata] PHP Warning:  Creating default object from empty value in /home/delhigol/domains/delhigoldenlottery.com/public_html/grl/thadi/admin_thadi/category/api/edit-api.php on line 44
[29-Mar-2021 17:00:23 Asia/Kolkata] PHP Warning:  Creating default object from empty value in /home/delhigol/domains/delhigoldenlottery.com/public_html/grl/thadi/admin_thadi/category/api/edit-api.php on line 42
[29-Mar-2021 17:00:23 Asia/Kolkata] PHP Warning:  Creating default object from empty value in /home/delhigol/domains/delhigoldenlottery.com/public_html/grl/thadi/admin_thadi/category/api/edit-api.php on line 44
[29-Mar-2021 17:00:27 Asia/Kolkata] PHP Warning:  Creating default object from empty value in /home/delhigol/domains/delhigoldenlottery.com/public_html/grl/thadi/admin_thadi/category/api/edit-api.php on line 42
[29-Mar-2021 17:00:27 Asia/Kolkata] PHP Warning:  Creating default object from empty value in /home/delhigol/domains/delhigoldenlottery.com/public_html/grl/thadi/admin_thadi/category/api/edit-api.php on line 44
[29-Mar-2021 17:00:56 Asia/Kolkata] PHP Warning:  Creating default object from empty value in /home/delhigol/domains/delhigoldenlottery.com/public_html/grl/thadi/admin_thadi/category/api/edit-api.php on line 42
[29-Mar-2021 17:00:56 Asia/Kolkata] PHP Warning:  Creating default object from empty value in /home/delhigol/domains/delhigoldenlottery.com/public_html/grl/thadi/admin_thadi/category/api/edit-api.php on line 44
[29-Mar-2021 17:41:17 Asia/Kolkata] PHP Warning:  Creating default object from empty value in /home/delhigol/domains/delhigoldenlottery.com/public_html/grl/thadi/admin_thadi/users/api/edit-api.php on line 42
[29-Mar-2021 17:41:17 Asia/Kolkata] PHP Warning:  Creating default object from empty value in /home/delhigol/domains/delhigoldenlottery.com/public_html/grl/thadi/admin_thadi/users/api/edit-api.php on line 44
[29-Mar-2021 18:19:27 Asia/Kolkata] PHP Warning:  Creating default object from empty value in /home/delhigol/domains/delhigoldenlottery.com/public_html/grl/thadi/admin_thadi/users/api/delete-api.php on line 11
[30-Mar-2021 13:26:45 Asia/Kolkata] PHP Warning:  Creating default object from empty value in /home/delhigol/domains/delhigoldenlottery.com/public_html/grl/thadi/admin_thadi/users/api/edit-api.php on line 42
[30-Mar-2021 13:26:45 Asia/Kolkata] PHP Warning:  Creating default object from empty value in /home/delhigol/domains/delhigoldenlottery.com/public_html/grl/thadi/admin_thadi/users/api/edit-api.php on line 44
[30-Mar-2021 13:31:07 Asia/Kolkata] PHP Warning:  Creating default object from empty value in /home/delhigol/domains/delhigoldenlottery.com/public_html/grl/thadi/admin_thadi/users/api/edit-api.php on line 43
[30-Mar-2021 13:31:07 Asia/Kolkata] PHP Warning:  Creating default object from empty value in /home/delhigol/domains/delhigoldenlottery.com/public_html/grl/thadi/admin_thadi/users/api/edit-api.php on line 45
[30-Mar-2021 13:31:50 Asia/Kolkata] PHP Warning:  Creating default object from empty value in /home/delhigol/domains/delhigoldenlottery.com/public_html/grl/thadi/admin_thadi/users/api/add-api.php on line 33
[30-Mar-2021 13:31:50 Asia/Kolkata] PHP Warning:  Creating default object from empty value in /home/delhigol/domains/delhigoldenlottery.com/public_html/grl/thadi/admin_thadi/users/api/add-api.php on line 35
[30-Mar-2021 13:36:36 Asia/Kolkata] PHP Warning:  Creating default object from empty value in /home/delhigol/domains/delhigoldenlottery.com/public_html/grl/thadi/admin_thadi/users/api/edit-api.php on line 43
[30-Mar-2021 13:36:36 Asia/Kolkata] PHP Warning:  Creating default object from empty value in /home/delhigol/domains/delhigoldenlottery.com/public_html/grl/thadi/admin_thadi/users/api/edit-api.php on line 45
[05-Apr-2021 15:41:04 Asia/Kolkata] PHP Warning:  move_uploaded_file(./../../http://delhigoldenlottery.com/grl/thadi/admin_thadi/image/2470561594677148605775-6.jpg): failed to open stream: No such file or directory in /home/delhigol/domains/delhigoldenlottery.com/public_html/grl/girl_serv/admin/about/api/edit-api.php on line 43
[05-Apr-2021 15:41:04 Asia/Kolkata] PHP Warning:  move_uploaded_file(): Unable to move '/tmp/phpHjyQrX' to './../../http://delhigoldenlottery.com/grl/thadi/admin_thadi/image/2470561594677148605775-6.jpg' in /home/delhigol/domains/delhigoldenlottery.com/public_html/grl/girl_serv/admin/about/api/edit-api.php on line 43
[05-Apr-2021 15:41:04 Asia/Kolkata] PHP Warning:  move_uploaded_file(./../../http://delhigoldenlottery.com/grl/thadi/admin_thadi/image/2470561594677148605775-6.jpg): failed to open stream: No such file or directory in /home/delhigol/domains/delhigoldenlottery.com/public_html/grl/girl_serv/admin/about/api/edit-api.php on line 64
[05-Apr-2021 15:41:04 Asia/Kolkata] PHP Warning:  move_uploaded_file(): Unable to move '/tmp/phpsRgEFG' to './../../http://delhigoldenlottery.com/grl/thadi/admin_thadi/image/2470561594677148605775-6.jpg' in /home/delhigol/domains/delhigoldenlottery.com/public_html/grl/girl_serv/admin/about/api/edit-api.php on line 64
[05-Apr-2021 15:41:04 Asia/Kolkata] PHP Notice:  Undefined variable: about in /home/delhigol/domains/delhigoldenlottery.com/public_html/grl/girl_serv/admin/about/api/edit-api.php on line 88
[05-Apr-2021 15:41:04 Asia/Kolkata] PHP Warning:  Creating default object from empty value in /home/delhigol/domains/delhigoldenlottery.com/public_html/grl/girl_serv/admin/about/api/edit-api.php on line 90
[05-Apr-2021 15:41:04 Asia/Kolkata] PHP Warning:  Creating default object from empty value in /home/delhigol/domains/delhigoldenlottery.com/public_html/grl/girl_serv/admin/about/api/edit-api.php on line 92
[05-Apr-2021 15:47:02 Asia/Kolkata] PHP Warning:  Creating default object from empty value in /home/delhigol/domains/delhigoldenlottery.com/public_html/grl/girl_serv/admin/about/api/delete-api.php on line 11
[05-Apr-2021 15:47:48 Asia/Kolkata] PHP Warning:  Creating default object from empty value in /home/delhigol/domains/delhigoldenlottery.com/public_html/grl/girl_serv/admin/about/api/edit-api.php on line 90
[05-Apr-2021 15:47:48 Asia/Kolkata] PHP Warning:  Creating default object from empty value in /home/delhigol/domains/delhigoldenlottery.com/public_html/grl/girl_serv/admin/about/api/edit-api.php on line 92
[05-Apr-2021 15:48:10 Asia/Kolkata] PHP Warning:  move_uploaded_file(./../../http://delhigoldenlottery.com/grl/thadi/admin_thadi/image/): failed to open stream: No such file or directory in /home/delhigol/domains/delhigoldenlottery.com/public_html/grl/girl_serv/admin/about/api/edit-api.php on line 43
[05-Apr-2021 15:48:10 Asia/Kolkata] PHP Warning:  move_uploaded_file(): Unable to move '/tmp/phpwO5nDD' to './../../http://delhigoldenlottery.com/grl/thadi/admin_thadi/image/' in /home/delhigol/domains/delhigoldenlottery.com/public_html/grl/girl_serv/admin/about/api/edit-api.php on line 43
[05-Apr-2021 15:48:10 Asia/Kolkata] PHP Warning:  Creating default object from empty value in /home/delhigol/domains/delhigoldenlottery.com/public_html/grl/girl_serv/admin/about/api/edit-api.php on line 90
[05-Apr-2021 15:48:10 Asia/Kolkata] PHP Warning:  Creating default object from empty value in /home/delhigol/domains/delhigoldenlottery.com/public_html/grl/girl_serv/admin/about/api/edit-api.php on line 92
[05-Apr-2021 15:50:59 Asia/Kolkata] PHP Warning:  Creating default object from empty value in /home/delhigol/domains/delhigoldenlottery.com/public_html/grl/girl_serv/admin/about/api/edit-api.php on line 90
[05-Apr-2021 15:50:59 Asia/Kolkata] PHP Warning:  Creating default object from empty value in /home/delhigol/domains/delhigoldenlottery.com/public_html/grl/girl_serv/admin/about/api/edit-api.php on line 92
[05-Apr-2021 15:51:11 Asia/Kolkata] PHP Warning:  Creating default object from empty value in /home/delhigol/domains/delhigoldenlottery.com/public_html/grl/girl_serv/admin/about/api/edit-api.php on line 90
[05-Apr-2021 15:51:11 Asia/Kolkata] PHP Warning:  Creating default object from empty value in /home/delhigol/domains/delhigoldenlottery.com/public_html/grl/girl_serv/admin/about/api/edit-api.php on line 92
[05-Apr-2021 15:53:35 Asia/Kolkata] PHP Warning:  Creating default object from empty value in /home/delhigol/domains/delhigoldenlottery.com/public_html/grl/girl_serv/admin/about/api/edit-api.php on line 90
[05-Apr-2021 15:53:35 Asia/Kolkata] PHP Warning:  Creating default object from empty value in /home/delhigol/domains/delhigoldenlottery.com/public_html/grl/girl_serv/admin/about/api/edit-api.php on line 92
[05-Apr-2021 15:53:53 Asia/Kolkata] PHP Warning:  Creating default object from empty value in /home/delhigol/domains/delhigoldenlottery.com/public_html/grl/girl_serv/admin/about/api/edit-api.php on line 90
[05-Apr-2021 15:53:53 Asia/Kolkata] PHP Warning:  Creating default object from empty value in /home/delhigol/domains/delhigoldenlottery.com/public_html/grl/girl_serv/admin/about/api/edit-api.php on line 92
[05-Apr-2021 15:54:40 Asia/Kolkata] PHP Warning:  Creating default object from empty value in /home/delhigol/domains/delhigoldenlottery.com/public_html/grl/girl_serv/admin/about/api/edit-api.php on line 90
[05-Apr-2021 15:54:40 Asia/Kolkata] PHP Warning:  Creating default object from empty value in /home/delhigol/domains/delhigoldenlottery.com/public_html/grl/girl_serv/admin/about/api/edit-api.php on line 92
[05-Apr-2021 15:58:55 Asia/Kolkata] PHP Warning:  Creating default object from empty value in /home/delhigol/domains/delhigoldenlottery.com/public_html/grl/girl_serv/admin/about/api/edit-api.php on line 85
[05-Apr-2021 15:58:55 Asia/Kolkata] PHP Warning:  Creating default object from empty value in /home/delhigol/domains/delhigoldenlottery.com/public_html/grl/girl_serv/admin/about/api/edit-api.php on line 87
[05-Apr-2021 16:01:24 Asia/Kolkata] PHP Warning:  Creating default object from empty value in /home/delhigol/domains/delhigoldenlottery.com/public_html/grl/girl_serv/admin/about/api/edit-api.php on line 85
[05-Apr-2021 16:01:24 Asia/Kolkata] PHP Warning:  Creating default object from empty value in /home/delhigol/domains/delhigoldenlottery.com/public_html/grl/girl_serv/admin/about/api/edit-api.php on line 87
[05-Apr-2021 16:01:43 Asia/Kolkata] PHP Warning:  Creating default object from empty value in /home/delhigol/domains/delhigoldenlottery.com/public_html/grl/girl_serv/admin/about/api/edit-api.php on line 85
[05-Apr-2021 16:01:43 Asia/Kolkata] PHP Warning:  Creating default object from empty value in /home/delhigol/domains/delhigoldenlottery.com/public_html/grl/girl_serv/admin/about/api/edit-api.php on line 87
[05-Apr-2021 16:03:05 Asia/Kolkata] PHP Warning:  Creating default object from empty value in /home/delhigol/domains/delhigoldenlottery.com/public_html/grl/girl_serv/admin/about/api/edit-api.php on line 85
[05-Apr-2021 16:03:05 Asia/Kolkata] PHP Warning:  Creating default object from empty value in /home/delhigol/domains/delhigoldenlottery.com/public_html/grl/girl_serv/admin/about/api/edit-api.php on line 87
[05-Apr-2021 16:04:19 Asia/Kolkata] PHP Warning:  Creating default object from empty value in /home/delhigol/domains/delhigoldenlottery.com/public_html/grl/girl_serv/admin/about/api/edit-api.php on line 85
[05-Apr-2021 16:04:19 Asia/Kolkata] PHP Warning:  Creating default object from empty value in /home/delhigol/domains/delhigoldenlottery.com/public_html/grl/girl_serv/admin/about/api/edit-api.php on line 87
[05-Apr-2021 16:04:55 Asia/Kolkata] PHP Warning:  Creating default object from empty value in /home/delhigol/domains/delhigoldenlottery.com/public_html/grl/girl_serv/admin/about/api/edit-api.php on line 85
[05-Apr-2021 16:04:55 Asia/Kolkata] PHP Warning:  Creating default object from empty value in /home/delhigol/domains/delhigoldenlottery.com/public_html/grl/girl_serv/admin/about/api/edit-api.php on line 87
[05-Apr-2021 16:06:13 Asia/Kolkata] PHP Warning:  Creating default object from empty value in /home/delhigol/domains/delhigoldenlottery.com/public_html/grl/girl_serv/admin/about/api/edit-api.php on line 88
[05-Apr-2021 16:06:13 Asia/Kolkata] PHP Warning:  Creating default object from empty value in /home/delhigol/domains/delhigoldenlottery.com/public_html/grl/girl_serv/admin/about/api/edit-api.php on line 90
[05-Apr-2021 16:08:09 Asia/Kolkata] PHP Warning:  Creating default object from empty value in /home/delhigol/domains/delhigoldenlottery.com/public_html/grl/girl_serv/admin/about/api/edit-api.php on line 88
[05-Apr-2021 16:08:09 Asia/Kolkata] PHP Warning:  Creating default object from empty value in /home/delhigol/domains/delhigoldenlottery.com/public_html/grl/girl_serv/admin/about/api/edit-api.php on line 90
[05-Apr-2021 16:08:25 Asia/Kolkata] PHP Warning:  Creating default object from empty value in /home/delhigol/domains/delhigoldenlottery.com/public_html/grl/girl_serv/admin/about/api/edit-api.php on line 88
[05-Apr-2021 16:08:25 Asia/Kolkata] PHP Warning:  Creating default object from empty value in /home/delhigol/domains/delhigoldenlottery.com/public_html/grl/girl_serv/admin/about/api/edit-api.php on line 90
[05-Apr-2021 16:08:47 Asia/Kolkata] PHP Warning:  Creating default object from empty value in /home/delhigol/domains/delhigoldenlottery.com/public_html/grl/girl_serv/admin/about/api/edit-api.php on line 88
[05-Apr-2021 16:08:47 Asia/Kolkata] PHP Warning:  Creating default object from empty value in /home/delhigol/domains/delhigoldenlottery.com/public_html/grl/girl_serv/admin/about/api/edit-api.php on line 90
[05-Apr-2021 16:09:00 Asia/Kolkata] PHP Warning:  Creating default object from empty value in /home/delhigol/domains/delhigoldenlottery.com/public_html/grl/girl_serv/admin/about/api/edit-api.php on line 88
[05-Apr-2021 16:09:00 Asia/Kolkata] PHP Warning:  Creating default object from empty value in /home/delhigol/domains/delhigoldenlottery.com/public_html/grl/girl_serv/admin/about/api/edit-api.php on line 90
[05-Apr-2021 16:10:19 Asia/Kolkata] PHP Warning:  Creating default object from empty value in /home/delhigol/domains/delhigoldenlottery.com/public_html/grl/girl_serv/admin/about/api/edit-api.php on line 88
[05-Apr-2021 16:10:19 Asia/Kolkata] PHP Warning:  Creating default object from empty value in /home/delhigol/domains/delhigoldenlottery.com/public_html/grl/girl_serv/admin/about/api/edit-api.php on line 90
[05-Apr-2021 16:11:22 Asia/Kolkata] PHP Warning:  Creating default object from empty value in /home/delhigol/domains/delhigoldenlottery.com/public_html/grl/girl_serv/admin/about/api/edit-api.php on line 88
[05-Apr-2021 16:11:22 Asia/Kolkata] PHP Warning:  Creating default object from empty value in /home/delhigol/domains/delhigoldenlottery.com/public_html/grl/girl_serv/admin/about/api/edit-api.php on line 90
[05-Apr-2021 16:13:17 Asia/Kolkata] PHP Warning:  Creating default object from empty value in /home/delhigol/domains/delhigoldenlottery.com/public_html/grl/girl_serv/admin/about/api/edit-api.php on line 88
[05-Apr-2021 16:13:17 Asia/Kolkata] PHP Warning:  Creating default object from empty value in /home/delhigol/domains/delhigoldenlottery.com/public_html/grl/girl_serv/admin/about/api/edit-api.php on line 90
[05-Apr-2021 16:13:43 Asia/Kolkata] PHP Warning:  Creating default object from empty value in /home/delhigol/domains/delhigoldenlottery.com/public_html/grl/girl_serv/admin/about/api/edit-api.php on line 88
[05-Apr-2021 16:13:43 Asia/Kolkata] PHP Warning:  Creating default object from empty value in /home/delhigol/domains/delhigoldenlottery.com/public_html/grl/girl_serv/admin/about/api/edit-api.php on line 90
[05-Apr-2021 16:13:57 Asia/Kolkata] PHP Warning:  Creating default object from empty value in /home/delhigol/domains/delhigoldenlottery.com/public_html/grl/girl_serv/admin/about/api/edit-api.php on line 88
[05-Apr-2021 16:13:57 Asia/Kolkata] PHP Warning:  Creating default object from empty value in /home/delhigol/domains/delhigoldenlottery.com/public_html/grl/girl_serv/admin/about/api/edit-api.php on line 90
[05-Apr-2021 16:14:11 Asia/Kolkata] PHP Warning:  Creating default object from empty value in /home/delhigol/domains/delhigoldenlottery.com/public_html/grl/girl_serv/admin/about/api/edit-api.php on line 88
[05-Apr-2021 16:14:11 Asia/Kolkata] PHP Warning:  Creating default object from empty value in /home/delhigol/domains/delhigoldenlottery.com/public_html/grl/girl_serv/admin/about/api/edit-api.php on line 90
[05-Apr-2021 16:14:50 Asia/Kolkata] PHP Warning:  Creating default object from empty value in /home/delhigol/domains/delhigoldenlottery.com/public_html/grl/girl_serv/admin/about/api/edit-api.php on line 88
[05-Apr-2021 16:14:50 Asia/Kolkata] PHP Warning:  Creating default object from empty value in /home/delhigol/domains/delhigoldenlottery.com/public_html/grl/girl_serv/admin/about/api/edit-api.php on line 90
[05-Apr-2021 16:15:04 Asia/Kolkata] PHP Warning:  Creating default object from empty value in /home/delhigol/domains/delhigoldenlottery.com/public_html/grl/girl_serv/admin/about/api/edit-api.php on line 88
[05-Apr-2021 16:15:04 Asia/Kolkata] PHP Warning:  Creating default object from empty value in /home/delhigol/domains/delhigoldenlottery.com/public_html/grl/girl_serv/admin/about/api/edit-api.php on line 90
[05-Apr-2021 16:15:18 Asia/Kolkata] PHP Warning:  Creating default object from empty value in /home/delhigol/domains/delhigoldenlottery.com/public_html/grl/girl_serv/admin/about/api/edit-api.php on line 88
[05-Apr-2021 16:15:18 Asia/Kolkata] PHP Warning:  Creating default object from empty value in /home/delhigol/domains/delhigoldenlottery.com/public_html/grl/girl_serv/admin/about/api/edit-api.php on line 90
[05-Apr-2021 16:15:37 Asia/Kolkata] PHP Warning:  Creating default object from empty value in /home/delhigol/domains/delhigoldenlottery.com/public_html/grl/girl_serv/admin/about/api/edit-api.php on line 88
[05-Apr-2021 16:15:37 Asia/Kolkata] PHP Warning:  Creating default object from empty value in /home/delhigol/domains/delhigoldenlottery.com/public_html/grl/girl_serv/admin/about/api/edit-api.php on line 90
[05-Apr-2021 21:12:28 Asia/Kolkata] PHP Warning:  Creating default object from empty value in /home/delhigol/domains/delhigoldenlottery.com/public_html/grl/girl_serv/admin/about/api/edit-api.php on line 88
[05-Apr-2021 21:12:28 Asia/Kolkata] PHP Warning:  Creating default object from empty value in /home/delhigol/domains/delhigoldenlottery.com/public_html/grl/girl_serv/admin/about/api/edit-api.php on line 90
[05-Apr-2021 21:12:38 Asia/Kolkata] PHP Warning:  Creating default object from empty value in /home/delhigol/domains/delhigoldenlottery.com/public_html/grl/girl_serv/admin/about/api/edit-api.php on line 88
[05-Apr-2021 21:12:38 Asia/Kolkata] PHP Warning:  Creating default object from empty value in /home/delhigol/domains/delhigoldenlottery.com/public_html/grl/girl_serv/admin/about/api/edit-api.php on line 90
[05-Apr-2021 21:17:43 Asia/Kolkata] PHP Warning:  Creating default object from empty value in /home/delhigol/domains/delhigoldenlottery.com/public_html/grl/girl_serv/admin/about/api/edit-api.php on line 88
[05-Apr-2021 21:17:43 Asia/Kolkata] PHP Warning:  Creating default object from empty value in /home/delhigol/domains/delhigoldenlottery.com/public_html/grl/girl_serv/admin/about/api/edit-api.php on line 90
[05-Apr-2021 21:17:58 Asia/Kolkata] PHP Warning:  Creating default object from empty value in /home/delhigol/domains/delhigoldenlottery.com/public_html/grl/girl_serv/admin/about/api/edit-api.php on line 88
[05-Apr-2021 21:17:58 Asia/Kolkata] PHP Warning:  Creating default object from empty value in /home/delhigol/domains/delhigoldenlottery.com/public_html/grl/girl_serv/admin/about/api/edit-api.php on line 90
[05-Apr-2021 21:23:56 Asia/Kolkata] PHP Warning:  Creating default object from empty value in /home/delhigol/domains/delhigoldenlottery.com/public_html/grl/girl_serv/admin/about/api/edit-api.php on line 88
[05-Apr-2021 21:23:56 Asia/Kolkata] PHP Warning:  Creating default object from empty value in /home/delhigol/domains/delhigoldenlottery.com/public_html/grl/girl_serv/admin/about/api/edit-api.php on line 90
[25-Apr-2021 10:10:48 Asia/Kolkata] PHP Warning:  Creating default object from empty value in /home/delhigol/domains/delhigoldenlottery.com/public_html/grl/girl_serv/admin/about/api/delete-api.php on line 11
[25-Apr-2021 10:11:01 Asia/Kolkata] PHP Warning:  Creating default object from empty value in /home/delhigol/domains/delhigoldenlottery.com/public_html/grl/girl_serv/admin/about/api/delete-api.php on line 11
[25-Apr-2021 10:11:21 Asia/Kolkata] PHP Warning:  Creating default object from empty value in /home/delhigol/domains/delhigoldenlottery.com/public_html/grl/girl_serv/admin/about/api/edit-api.php on line 88
[25-Apr-2021 10:11:21 Asia/Kolkata] PHP Warning:  Creating default object from empty value in /home/delhigol/domains/delhigoldenlottery.com/public_html/grl/girl_serv/admin/about/api/edit-api.php on line 94
[25-Apr-2021 10:26:23 Asia/Kolkata] PHP Notice:  Undefined variable: about in /home/delhigol/domains/delhigoldenlottery.com/public_html/grl/girl_serv/admin/about/api/add-api.php on line 69
[25-Apr-2021 10:26:23 Asia/Kolkata] PHP Warning:  Creating default object from empty value in /home/delhigol/domains/delhigoldenlottery.com/public_html/grl/girl_serv/admin/about/api/add-api.php on line 71
[25-Apr-2021 10:26:23 Asia/Kolkata] PHP Warning:  Creating default object from empty value in /home/delhigol/domains/delhigoldenlottery.com/public_html/grl/girl_serv/admin/about/api/add-api.php on line 73
[25-Apr-2021 10:27:15 Asia/Kolkata] PHP Warning:  Creating default object from empty value in /home/delhigol/domains/delhigoldenlottery.com/public_html/grl/girl_serv/admin/about/api/delete-api.php on line 11
[25-Apr-2021 11:47:47 Asia/Kolkata] PHP Warning:  Creating default object from empty value in /home/delhigol/domains/delhigoldenlottery.com/public_html/grl/girl_serv/admin/about/api/edit-api.php on line 88
[25-Apr-2021 11:47:47 Asia/Kolkata] PHP Warning:  Creating default object from empty value in /home/delhigol/domains/delhigoldenlottery.com/public_html/grl/girl_serv/admin/about/api/edit-api.php on line 94
[25-Apr-2021 11:48:18 Asia/Kolkata] PHP Warning:  Creating default object from empty value in /home/delhigol/domains/delhigoldenlottery.com/public_html/grl/girl_serv/admin/about/api/edit-api.php on line 88
[25-Apr-2021 11:48:18 Asia/Kolkata] PHP Warning:  Creating default object from empty value in /home/delhigol/domains/delhigoldenlottery.com/public_html/grl/girl_serv/admin/about/api/edit-api.php on line 94
[25-Apr-2021 11:52:01 Asia/Kolkata] PHP Warning:  Creating default object from empty value in /home/delhigol/domains/delhigoldenlottery.com/public_html/grl/girl_serv/admin/about/api/delete-api.php on line 11
[25-Apr-2021 11:52:05 Asia/Kolkata] PHP Warning:  Creating default object from empty value in /home/delhigol/domains/delhigoldenlottery.com/public_html/grl/girl_serv/admin/about/api/delete-api.php on line 11
[25-Apr-2021 12:21:38 Asia/Kolkata] PHP Notice:  Undefined variable: about in /home/delhigol/domains/delhigoldenlottery.com/public_html/grl/girl_serv/admin/about/api/add-api.php on line 69
[25-Apr-2021 12:21:38 Asia/Kolkata] PHP Warning:  Creating default object from empty value in /home/delhigol/domains/delhigoldenlottery.com/public_html/grl/girl_serv/admin/about/api/add-api.php on line 71
[25-Apr-2021 12:21:38 Asia/Kolkata] PHP Warning:  Creating default object from empty value in /home/delhigol/domains/delhigoldenlottery.com/public_html/grl/girl_serv/admin/about/api/add-api.php on line 77
[25-Apr-2021 13:02:47 Asia/Kolkata] PHP Notice:  Undefined variable: about in /home/delhigol/domains/delhigoldenlottery.com/public_html/grl/girl_serv/admin/about/api/add-api.php on line 69
[25-Apr-2021 13:02:47 Asia/Kolkata] PHP Warning:  Creating default object from empty value in /home/delhigol/domains/delhigoldenlottery.com/public_html/grl/girl_serv/admin/about/api/add-api.php on line 71
[25-Apr-2021 13:02:47 Asia/Kolkata] PHP Warning:  Creating default object from empty value in /home/delhigol/domains/delhigoldenlottery.com/public_html/grl/girl_serv/admin/about/api/add-api.php on line 77
[25-Apr-2021 13:03:35 Asia/Kolkata] PHP Notice:  Undefined variable: about in /home/delhigol/domains/delhigoldenlottery.com/public_html/grl/girl_serv/admin/about/api/add-api.php on line 69
[25-Apr-2021 13:03:35 Asia/Kolkata] PHP Warning:  Creating default object from empty value in /home/delhigol/domains/delhigoldenlottery.com/public_html/grl/girl_serv/admin/about/api/add-api.php on line 71
[25-Apr-2021 13:03:35 Asia/Kolkata] PHP Warning:  Creating default object from empty value in /home/delhigol/domains/delhigoldenlottery.com/public_html/grl/girl_serv/admin/about/api/add-api.php on line 73
[25-Apr-2021 20:48:51 Asia/Kolkata] PHP Warning:  Creating default object from empty value in /home/delhigol/domains/delhigoldenlottery.com/public_html/grl/girl_serv/admin/about/api/edit-api.php on line 88
[25-Apr-2021 20:48:51 Asia/Kolkata] PHP Warning:  Creating default object from empty value in /home/delhigol/domains/delhigoldenlottery.com/public_html/grl/girl_serv/admin/about/api/edit-api.php on line 90
[27-Apr-2021 14:34:45 Asia/Kolkata] PHP Warning:  Creating default object from empty value in /home/delhigol/domains/delhigoldenlottery.com/public_html/grl/girl_serv/admin/about/api/edit-api.php on line 88
[27-Apr-2021 14:34:45 Asia/Kolkata] PHP Warning:  Creating default object from empty value in /home/delhigol/domains/delhigoldenlottery.com/public_html/grl/girl_serv/admin/about/api/edit-api.php on line 90
[27-Apr-2021 14:34:52 Asia/Kolkata] PHP Warning:  Creating default object from empty value in /home/delhigol/domains/delhigoldenlottery.com/public_html/grl/girl_serv/admin/about/api/edit-api.php on line 88
[27-Apr-2021 14:34:52 Asia/Kolkata] PHP Warning:  Creating default object from empty value in /home/delhigol/domains/delhigoldenlottery.com/public_html/grl/girl_serv/admin/about/api/edit-api.php on line 90
[27-Apr-2021 14:35:05 Asia/Kolkata] PHP Warning:  Creating default object from empty value in /home/delhigol/domains/delhigoldenlottery.com/public_html/grl/girl_serv/admin/about/api/edit-api.php on line 88
[27-Apr-2021 14:35:05 Asia/Kolkata] PHP Warning:  Creating default object from empty value in /home/delhigol/domains/delhigoldenlottery.com/public_html/grl/girl_serv/admin/about/api/edit-api.php on line 90
[27-Apr-2021 14:35:09 Asia/Kolkata] PHP Warning:  Creating default object from empty value in /home/delhigol/domains/delhigoldenlottery.com/public_html/grl/girl_serv/admin/about/api/edit-api.php on line 88
[27-Apr-2021 14:35:09 Asia/Kolkata] PHP Warning:  Creating default object from empty value in /home/delhigol/domains/delhigoldenlottery.com/public_html/grl/girl_serv/admin/about/api/edit-api.php on line 90
[27-Apr-2021 14:35:13 Asia/Kolkata] PHP Warning:  Creating default object from empty value in /home/delhigol/domains/delhigoldenlottery.com/public_html/grl/girl_serv/admin/about/api/edit-api.php on line 88
[27-Apr-2021 14:35:13 Asia/Kolkata] PHP Warning:  Creating default object from empty value in /home/delhigol/domains/delhigoldenlottery.com/public_html/grl/girl_serv/admin/about/api/edit-api.php on line 90
[27-Apr-2021 14:35:18 Asia/Kolkata] PHP Warning:  Creating default object from empty value in /home/delhigol/domains/delhigoldenlottery.com/public_html/grl/girl_serv/admin/about/api/delete-api.php on line 11
[27-Apr-2021 14:35:21 Asia/Kolkata] PHP Warning:  Creating default object from empty value in /home/delhigol/domains/delhigoldenlottery.com/public_html/grl/girl_serv/admin/about/api/delete-api.php on line 11
[27-Apr-2021 14:35:23 Asia/Kolkata] PHP Warning:  Creating default object from empty value in /home/delhigol/domains/delhigoldenlottery.com/public_html/grl/girl_serv/admin/about/api/delete-api.php on line 11
[27-Apr-2021 14:35:25 Asia/Kolkata] PHP Warning:  Creating default object from empty value in /home/delhigol/domains/delhigoldenlottery.com/public_html/grl/girl_serv/admin/about/api/delete-api.php on line 11
[27-Apr-2021 15:14:32 Asia/Kolkata] PHP Warning:  Creating default object from empty value in /home/delhigol/domains/delhigoldenlottery.com/public_html/grl/girl_serv/admin/about/api/delete-api.php on line 11
[27-Apr-2021 15:14:35 Asia/Kolkata] PHP Warning:  Creating default object from empty value in /home/delhigol/domains/delhigoldenlottery.com/public_html/grl/girl_serv/admin/about/api/delete-api.php on line 11
[27-Apr-2021 15:14:37 Asia/Kolkata] PHP Warning:  Creating default object from empty value in /home/delhigol/domains/delhigoldenlottery.com/public_html/grl/girl_serv/admin/about/api/delete-api.php on line 11
[27-Apr-2021 15:14:40 Asia/Kolkata] PHP Warning:  Creating default object from empty value in /home/delhigol/domains/delhigoldenlottery.com/public_html/grl/girl_serv/admin/about/api/delete-api.php on line 11
[27-Apr-2021 15:15:05 Asia/Kolkata] PHP Warning:  Creating default object from empty value in /home/delhigol/domains/delhigoldenlottery.com/public_html/grl/girl_serv/admin/about/api/edit-api.php on line 88
[27-Apr-2021 15:15:05 Asia/Kolkata] PHP Warning:  Creating default object from empty value in /home/delhigol/domains/delhigoldenlottery.com/public_html/grl/girl_serv/admin/about/api/edit-api.php on line 90
[27-Apr-2021 15:39:55 Asia/Kolkata] PHP Warning:  Creating default object from empty value in /home/delhigol/domains/delhigoldenlottery.com/public_html/grl/girl_serv/admin/about/api/edit-api.php on line 88
[27-Apr-2021 15:39:55 Asia/Kolkata] PHP Warning:  Creating default object from empty value in /home/delhigol/domains/delhigoldenlottery.com/public_html/grl/girl_serv/admin/about/api/edit-api.php on line 90
[27-Apr-2021 16:28:10 Asia/Kolkata] PHP Warning:  Creating default object from empty value in /home/delhigol/domains/delhigoldenlottery.com/public_html/grl/girl_serv/admin/about/api/edit-api.php on line 88
[27-Apr-2021 16:28:10 Asia/Kolkata] PHP Warning:  Creating default object from empty value in /home/delhigol/domains/delhigoldenlottery.com/public_html/grl/girl_serv/admin/about/api/edit-api.php on line 90
[27-Apr-2021 16:29:17 Asia/Kolkata] PHP Warning:  Creating default object from empty value in /home/delhigol/domains/delhigoldenlottery.com/public_html/grl/girl_serv/admin/about/api/edit-api.php on line 88
[27-Apr-2021 16:29:17 Asia/Kolkata] PHP Warning:  Creating default object from empty value in /home/delhigol/domains/delhigoldenlottery.com/public_html/grl/girl_serv/admin/about/api/edit-api.php on line 90
[27-Apr-2021 16:29:31 Asia/Kolkata] PHP Warning:  Creating default object from empty value in /home/delhigol/domains/delhigoldenlottery.com/public_html/grl/girl_serv/admin/about/api/edit-api.php on line 88
[27-Apr-2021 16:29:31 Asia/Kolkata] PHP Warning:  Creating default object from empty value in /home/delhigol/domains/delhigoldenlottery.com/public_html/grl/girl_serv/admin/about/api/edit-api.php on line 90
[27-Apr-2021 17:29:08 Asia/Kolkata] PHP Warning:  Creating default object from empty value in /home/delhigol/domains/delhigoldenlottery.com/public_html/grl/girl_serv/admin/about/api/edit-api.php on line 88
[27-Apr-2021 17:29:08 Asia/Kolkata] PHP Warning:  Creating default object from empty value in /home/delhigol/domains/delhigoldenlottery.com/public_html/grl/girl_serv/admin/about/api/edit-api.php on line 90
[27-Apr-2021 17:29:14 Asia/Kolkata] PHP Warning:  Creating default object from empty value in /home/delhigol/domains/delhigoldenlottery.com/public_html/grl/girl_serv/admin/about/api/edit-api.php on line 88
[27-Apr-2021 17:29:14 Asia/Kolkata] PHP Warning:  Creating default object from empty value in /home/delhigol/domains/delhigoldenlottery.com/public_html/grl/girl_serv/admin/about/api/edit-api.php on line 90
[27-Apr-2021 17:30:14 Asia/Kolkata] PHP Warning:  Creating default object from empty value in /home/delhigol/domains/delhigoldenlottery.com/public_html/grl/girl_serv/admin/about/api/edit-api.php on line 88
[27-Apr-2021 17:30:14 Asia/Kolkata] PHP Warning:  Creating default object from empty value in /home/delhigol/domains/delhigoldenlottery.com/public_html/grl/girl_serv/admin/about/api/edit-api.php on line 90
[27-Apr-2021 17:31:45 Asia/Kolkata] PHP Warning:  Creating default object from empty value in /home/delhigol/domains/delhigoldenlottery.com/public_html/grl/girl_serv/admin/about/api/edit-api.php on line 88
[27-Apr-2021 17:31:45 Asia/Kolkata] PHP Warning:  Creating default object from empty value in /home/delhigol/domains/delhigoldenlottery.com/public_html/grl/girl_serv/admin/about/api/edit-api.php on line 90
[27-Apr-2021 17:32:03 Asia/Kolkata] PHP Warning:  Creating default object from empty value in /home/delhigol/domains/delhigoldenlottery.com/public_html/grl/girl_serv/admin/about/api/edit-api.php on line 88
[27-Apr-2021 17:32:03 Asia/Kolkata] PHP Warning:  Creating default object from empty value in /home/delhigol/domains/delhigoldenlottery.com/public_html/grl/girl_serv/admin/about/api/edit-api.php on line 90
[27-Apr-2021 17:34:58 Asia/Kolkata] PHP Warning:  Creating default object from empty value in /home/delhigol/domains/delhigoldenlottery.com/public_html/grl/girl_serv/admin/about/api/edit-api.php on line 88
[27-Apr-2021 17:34:58 Asia/Kolkata] PHP Warning:  Creating default object from empty value in /home/delhigol/domains/delhigoldenlottery.com/public_html/grl/girl_serv/admin/about/api/edit-api.php on line 90
[27-Apr-2021 17:35:37 Asia/Kolkata] PHP Warning:  Creating default object from empty value in /home/delhigol/domains/delhigoldenlottery.com/public_html/grl/girl_serv/admin/about/api/edit-api.php on line 88
[27-Apr-2021 17:35:37 Asia/Kolkata] PHP Warning:  Creating default object from empty value in /home/delhigol/domains/delhigoldenlottery.com/public_html/grl/girl_serv/admin/about/api/edit-api.php on line 90
[27-Apr-2021 18:30:39 Asia/Kolkata] PHP Warning:  Creating default object from empty value in /home/delhigol/domains/delhigoldenlottery.com/public_html/grl/girl_serv/admin/about/api/edit-api.php on line 88
[27-Apr-2021 18:30:39 Asia/Kolkata] PHP Warning:  Creating default object from empty value in /home/delhigol/domains/delhigoldenlottery.com/public_html/grl/girl_serv/admin/about/api/edit-api.php on line 90
[30-Apr-2021 00:53:49 Asia/Kolkata] PHP Warning:  Creating default object from empty value in /home/delhigol/domains/delhigoldenlottery.com/public_html/grl/girl_serv/admin/about/api/edit-api.php on line 88
[30-Apr-2021 00:53:49 Asia/Kolkata] PHP Warning:  Creating default object from empty value in /home/delhigol/domains/delhigoldenlottery.com/public_html/grl/girl_serv/admin/about/api/edit-api.php on line 90
